Using pre-set license
Built from '6000.1/staging' branch; Version is '6000.1.10f1 (3c681a6c22ff) revision 3958810'; Using compiler version '194234433'; Build Type 'Release'
OS: 'Windows 11  (10.0.26100) 64bit Enterprise' Language: 'en' Physical Memory: 16326 MB
BatchMode: 1, IsHumanControllingUs: 0, StartBugReporterOnCrash: 0, Is64bit: 1, IsPro: 1
Date: 2025-10-08T11:32:18Z

COMMAND LINE ARGUMENTS:
C:\Program Files\Unity\Hub\Editor\6000.1.10f1\Editor\Unity.exe
-adb2
-batchMode
-noUpm
-name
AssetImportWorker12
-projectPath
E:/GithubProjects/Stitching-Demo
-logFile
Logs/AssetImportWorker12.log
-srvPort
49916
-job-worker-count
5
-background-job-worker-count
8
-gc-helper-count
1
-name
AssetImport
Successfully changed project path to: E:/GithubProjects/Stitching-Demo
E:/GithubProjects/Stitching-Demo
[UnityMemory] Configuration Parameters - Can be set up in boot.config
    "memorysetup-allocator-temp-initial-block-size-main=262144"
    "memorysetup-allocator-temp-initial-block-size-worker=262144"
    "memorysetup-bucket-allocator-granularity=16"
    "memorysetup-bucket-allocator-bucket-count=8"
    "memorysetup-bucket-allocator-block-size=33554432"
    "memorysetup-bucket-allocator-block-count=8"
    "memorysetup-main-allocator-block-size=16777216"
    "memorysetup-thread-allocator-block-size=16777216"
    "memorysetup-gfx-main-allocator-block-size=16777216"
    "memorysetup-gfx-thread-allocator-block-size=16777216"
    "memorysetup-cache-allocator-block-size=4194304"
    "memorysetup-typetree-allocator-block-size=2097152"
    "memorysetup-profiler-bucket-allocator-granularity=16"
    "memorysetup-profiler-bucket-allocator-bucket-count=8"
    "memorysetup-profiler-bucket-allocator-block-size=33554432"
    "memorysetup-profiler-bucket-allocator-block-count=8"
    "memorysetup-profiler-allocator-block-size=16777216"
    "memorysetup-profiler-editor-allocator-block-size=1048576"
    "memorysetup-temp-allocator-size-main=16777216"
    "memorysetup-job-temp-allocator-block-size=2097152"
    "memorysetup-job-temp-allocator-block-size-background=1048576"
    "memorysetup-job-temp-allocator-reduction-small-platforms=262144"
    "memorysetup-temp-allocator-size-background-worker=32768"
    "memorysetup-temp-allocator-size-job-worker=262144"
    "memorysetup-temp-allocator-size-preload-manager=33554432"
    "memorysetup-temp-allocator-size-nav-mesh-worker=65536"
    "memorysetup-temp-allocator-size-audio-worker=65536"
    "memorysetup-temp-allocator-size-cloud-worker=32768"
    "memorysetup-temp-allocator-size-gi-baking-worker=262144"
    "memorysetup-temp-allocator-size-gi-baking-worker=262144"
    "memorysetup-temp-allocator-size-gi-baking-worker=262144"
    "memorysetup-temp-allocator-size-gi-baking-worker=262144"
    "memorysetup-temp-allocator-size-gi-baking-worker=262144"
    "memorysetup-temp-allocator-size-gfx=262144"
Player connection [22348]  Target information:

Player connection [22348]  * "[IP] 10.0.0.148 [Port] 0 [Flags] 2 [Guid] 49714752 [EditorId] 49714752 [Version] 1048832 [Id] WindowsEditor(7,DESKTOP-UDAF4BI) [Debug] 1 [PackageName] WindowsEditor [ProjectName] Editor" 

Player connection [22348] Host joined multi-casting on [225.0.0.222:54997]...
Player connection [22348] Host joined alternative multi-casting on [225.0.0.222:34997]...
JobSystem: Creating JobQueue using job-worker-count value 5
Input System module state changed to: Initialized.
[Physics::Module] Initialized fallback backend.
[Physics::Module] Id: 0xdecafbad
Library Redirect Path: Library/
[Physics::Module] Selected backend.
[Physics::Module] Name: PhysX
[Physics::Module] Id: 0xf2b8ea05
[Physics::Module] SDK Version: 4.1.2
[Physics::Module] Integration Version: 1.0.0
[Physics::Module] Threading Mode: Multi-Threaded
Refreshing native plugins compatible for Editor in 318.63 ms, found 7 plugins.
Preloading 0 native plugins for Editor in 0.00 ms.
Initialize engine version: 6000.1.10f1 (3c681a6c22ff)
[Subsystems] Discovering subsystems at path C:/Program Files/Unity/Hub/Editor/6000.1.10f1/Editor/Data/Resources/UnitySubsystems
[Subsystems] Discovering subsystems at path E:/GithubProjects/Stitching-Demo/Assets
GfxDevice: creating device client; kGfxThreadingModeNonThreaded
Direct3D:
    Version:         Direct3D 12 [level 12.1]
    Renderer:        NVIDIA GeForce GTX 1650 SUPER (ID=0x2187)
    Vendor:          NVIDIA
    VRAM:            3930 MB
    App VRAM Budget: 3340 MB
    Driver:          32.0.15.6094
Shader 'MoreMountains/MMRipple': fallback shader 'Particle/AlphaBlended' not found
Initialize mono
Mono path[0] = 'C:/Program Files/Unity/Hub/Editor/6000.1.10f1/Editor/Data/Managed'
Mono path[1] = 'C:/Program Files/Unity/Hub/Editor/6000.1.10f1/Editor/Data/MonoBleedingEdge/lib/mono/unityjit-win32'
Mono config path = 'C:/Program Files/Unity/Hub/Editor/6000.1.10f1/Editor/Data/MonoBleedingEdge/etc'
Using monoOptions --debugger-agent=transport=dt_socket,embedding=1,server=y,suspend=n,address=127.0.0.1:56824
Begin MonoManager ReloadAssembly
Registering precompiled unity dll's ...
Register platform support module: C:/Program Files/Unity/Hub/Editor/6000.1.10f1/Editor/Data/PlaybackEngines/WebGLSupport/UnityEditor.WebGL.Extensions.dll
Register platform support module: C:/Program Files/Unity/Hub/Editor/6000.1.10f1/Editor/Data/PlaybackEngines/WindowsStandaloneSupport/UnityEditor.WindowsStandalone.Extensions.dll
Register platform support module: C:/Program Files/Unity/Hub/Editor/6000.1.10f1/Editor/Data/PlaybackEngines/AndroidPlayer/UnityEditor.Android.Extensions.dll
Register platform support module: C:/Program Files/Unity/Hub/Editor/6000.1.10f1/Editor/Data/PlaybackEngines/iOSSupport/UnityEditor.iOS.Extensions.dll
Registered in 0.011310 seconds.
- Loaded All Assemblies, in  0.560 seconds
[usbmuxd] Start listen thread
[usbmuxd] Listen thread started
Native extension for iOS target not found
Native extension for Android target not found
Android Extension - Scanning For ADB Devices 258 ms
Native extension for WindowsStandalone target not found
Native extension for WebGL target not found
Mono: successfully reloaded assembly
- Finished resetting the current domain, in  0.744 seconds
Domain Reload Profiling: 1302ms
	BeginReloadAssembly (227ms)
		ExecutionOrderSort (0ms)
		DisableScriptedObjects (0ms)
		BackupInstance (0ms)
		ReleaseScriptingObjects (0ms)
		CreateAndSetChildDomain (1ms)
	RebuildCommonClasses (43ms)
	RebuildNativeTypeToScriptingClass (15ms)
	initialDomainReloadingComplete (61ms)
	LoadAllAssembliesAndSetupDomain (213ms)
		LoadAssemblies (228ms)
		RebuildTransferFunctionScriptingTraits (0ms)
		AnalyzeDomain (206ms)
			TypeCache.Refresh (204ms)
				TypeCache.ScanAssembly (190ms)
			BuildScriptInfoCaches (0ms)
			ResolveRequiredComponents (1ms)
	FinalizeReload (744ms)
		ReleaseScriptCaches (0ms)
		RebuildScriptCaches (0ms)
		SetupLoadedEditorAssemblies (687ms)
			LogAssemblyErrors (0ms)
			InitializePlatformSupportModulesInManaged (413ms)
			SetLoadedEditorAssemblies (4ms)
			BeforeProcessingInitializeOnLoad (60ms)
			ProcessInitializeOnLoadAttributes (154ms)
			ProcessInitializeOnLoadMethodAttributes (56ms)
			AfterProcessingInitializeOnLoad (0ms)
			EditorAssembliesLoaded (0ms)
		ExecutionOrderSort2 (0ms)
		AwakeInstancesAfterBackupRestoration (0ms)
========================================================================
Worker process is ready to serve import requests
Import Worker Mode flag is 0x00
Begin MonoManager ReloadAssembly
- Loaded All Assemblies, in  2.303 seconds
Refreshing native plugins compatible for Editor in 2.39 ms, found 7 plugins.
Native extension for iOS target not found
Native extension for Android target not found
Native extension for WindowsStandalone target not found
Native extension for WebGL target not found
Mono: successfully reloaded assembly
- Finished resetting the current domain, in  1.239 seconds
Domain Reload Profiling: 3539ms
	BeginReloadAssembly (175ms)
		ExecutionOrderSort (0ms)
		DisableScriptedObjects (7ms)
		BackupInstance (0ms)
		ReleaseScriptingObjects (0ms)
		CreateAndSetChildDomain (29ms)
	RebuildCommonClasses (41ms)
	RebuildNativeTypeToScriptingClass (14ms)
	initialDomainReloadingComplete (39ms)
	LoadAllAssembliesAndSetupDomain (2031ms)
		LoadAssemblies (1807ms)
		RebuildTransferFunctionScriptingTraits (0ms)
		AnalyzeDomain (321ms)
			TypeCache.Refresh (232ms)
				TypeCache.ScanAssembly (214ms)
			BuildScriptInfoCaches (66ms)
			ResolveRequiredComponents (19ms)
	FinalizeReload (1239ms)
		ReleaseScriptCaches (0ms)
		RebuildScriptCaches (0ms)
		SetupLoadedEditorAssemblies (660ms)
			LogAssemblyErrors (0ms)
			InitializePlatformSupportModulesInManaged (24ms)
			SetLoadedEditorAssemblies (6ms)
			BeforeProcessingInitializeOnLoad (130ms)
			ProcessInitializeOnLoadAttributes (404ms)
			ProcessInitializeOnLoadMethodAttributes (91ms)
			AfterProcessingInitializeOnLoad (4ms)
			EditorAssembliesLoaded (0ms)
		ExecutionOrderSort2 (0ms)
		AwakeInstancesAfterBackupRestoration (6ms)
Shader 'MoreMountains/MMRipple': fallback shader 'Particle/AlphaBlended' not found
Launched and connected shader compiler UnityShaderCompiler.exe after 0.02 seconds
Refreshing native plugins compatible for Editor in 2.46 ms, found 7 plugins.
Preloading 0 native plugins for Editor in 0.00 ms.
Unloading 306 Unused Serialized files (Serialized files now loaded: 0)
Unloading 7502 unused Assets / (12.0 MB). Loaded Objects now: 8205.
Memory consumption went from 271.8 MB to 259.8 MB.
Total: 10.800500 ms (FindLiveObjects: 0.923700 ms CreateObjectMapping: 0.384600 ms MarkObjects: 5.306300 ms  DeleteObjects: 4.183700 ms)

========================================================================
Received Import Request.
  Time since last request: 20749.865327 seconds.
  path: Assets/Samples
  artifactKey: Guid(5551f74e2d090004fa847b513984e122) Importer(2089858483,192608db42251d675da83286b1cce702)
Start importing Assets/Samples using Guid(5551f74e2d090004fa847b513984e122) Importer(2089858483,192608db42251d675da83286b1cce702) (ScriptedImporter) -> (artifact id: '3160be754bc9b889e3b048e2ee0a3ad6') in 0.2019011 seconds
Number of updated asset objects reloaded before import = 0Number of asset objects unloaded after import = 1

========================================================================
Received Import Request.
  Time since last request: 5.540773 seconds.
  path: Assets/LineRenderer/Material/BG.mat
  artifactKey: Guid(92a2f75d76f93ca4e83c40dc5ce303d2) Importer(2089858483,192608db42251d675da83286b1cce702)
Start importing Assets/LineRenderer/Material/BG.mat using Guid(92a2f75d76f93ca4e83c40dc5ce303d2) Importer(2089858483,192608db42251d675da83286b1cce702) (ScriptedImporter) -> (artifact id: '6d387f69485c2090b99d410e428c50d2') in 0.0598393 seconds
Number of updated asset objects reloaded before import = 0Number of asset objects unloaded after import = 1

========================================================================
Received Import Request.
  Time since last request: 553.456030 seconds.
  path: Assets/LineRenderer/GAME FILES/backdrops/backdrop.png
  artifactKey: Guid(20fb1505e55981f4c8362c7f390846ab) Importer(815301076,1909f56bfc062723c751e8b465ee728b)
Start importing Assets/LineRenderer/GAME FILES/backdrops/backdrop.png using Guid(20fb1505e55981f4c8362c7f390846ab) Importer(815301076,1909f56bfc062723c751e8b465ee728b) (PreviewImporter) -> (artifact id: '082cf3c829480cb4dadc00a26ef08006') in 0.2371029 seconds
Number of updated asset objects reloaded before import = 0Number of asset objects unloaded after import = 2

========================================================================
Received Import Request.
  Time since last request: 0.530939 seconds.
  path: Assets/LineRenderer/GAME FILES/backdrops/sparkle background.png
  artifactKey: Guid(e10894d40780457449d868beff346270) Importer(815301076,1909f56bfc062723c751e8b465ee728b)
Start importing Assets/LineRenderer/GAME FILES/backdrops/sparkle background.png using Guid(e10894d40780457449d868beff346270) Importer(815301076,1909f56bfc062723c751e8b465ee728b) (PreviewImporter) -> (artifact id: '5dcc2a8da13d4fd44c08cfa2515dbc7e') in 0.0249904 seconds
Number of updated asset objects reloaded before import = 0Number of asset objects unloaded after import = 2

========================================================================
Received Import Request.
  Time since last request: 5.025831 seconds.
  path: Assets/LineRenderer/GAME FILES/backdrops/sparkle background.png
  artifactKey: Guid(e10894d40780457449d868beff346270) Importer(815301076,1909f56bfc062723c751e8b465ee728b)
Start importing Assets/LineRenderer/GAME FILES/backdrops/sparkle background.png using Guid(e10894d40780457449d868beff346270) Importer(815301076,1909f56bfc062723c751e8b465ee728b) (PreviewImporter) -> (artifact id: '01b11358322a4d3e09b87e50586433af') in 0.054287 seconds
Number of updated asset objects reloaded before import = 0Number of asset objects unloaded after import = 2

========================================================================
Received Import Request.
  Time since last request: 6.925764 seconds.
  path: Assets/LineRenderer/GAME FILES/backdrops/sparkle background.png
  artifactKey: Guid(e10894d40780457449d868beff346270) Importer(815301076,1909f56bfc062723c751e8b465ee728b)
Start importing Assets/LineRenderer/GAME FILES/backdrops/sparkle background.png using Guid(e10894d40780457449d868beff346270) Importer(815301076,1909f56bfc062723c751e8b465ee728b) (PreviewImporter) -> (artifact id: '1ca3e1b6266f03a3deb4a16dcbeb3bf1') in 0.2274628 seconds
Number of updated asset objects reloaded before import = 0Number of asset objects unloaded after import = 3

========================================================================
Received Import Request.
  Time since last request: 20.263327 seconds.
  path: Assets/LineRenderer/GAME FILES/backdrops/backdrop.png
  artifactKey: Guid(20fb1505e55981f4c8362c7f390846ab) Importer(815301076,1909f56bfc062723c751e8b465ee728b)
Start importing Assets/LineRenderer/GAME FILES/backdrops/backdrop.png using Guid(20fb1505e55981f4c8362c7f390846ab) Importer(815301076,1909f56bfc062723c751e8b465ee728b) (PreviewImporter) -> (artifact id: '4ad5d8395165b21084372cb209ed6f89') in 0.0287081 seconds
Number of updated asset objects reloaded before import = 0Number of asset objects unloaded after import = 3

========================================================================
Received Import Request.
  Time since last request: 17.138779 seconds.
  path: Assets/LineRenderer/GAME FILES/backdrops/created background.png
  artifactKey: Guid(193e05a71be5266489a65ca67a6239bb) Importer(815301076,1909f56bfc062723c751e8b465ee728b)
Start importing Assets/LineRenderer/GAME FILES/backdrops/created background.png using Guid(193e05a71be5266489a65ca67a6239bb) Importer(815301076,1909f56bfc062723c751e8b465ee728b) (PreviewImporter) -> (artifact id: '50c9ba1cbf16f86509b294a572227858') in 0.2679165 seconds
Number of updated asset objects reloaded before import = 0Number of asset objects unloaded after import = 3

========================================================================
Received Import Request.
  Time since last request: 2.315198 seconds.
  path: Assets/LineRenderer/GAME FILES/backdrops/sewing in progress background.png
  artifactKey: Guid(05ecd92b6caf945499e1e6b62143025e) Importer(815301076,1909f56bfc062723c751e8b465ee728b)
Start importing Assets/LineRenderer/GAME FILES/backdrops/sewing in progress background.png using Guid(05ecd92b6caf945499e1e6b62143025e) Importer(815301076,1909f56bfc062723c751e8b465ee728b) (PreviewImporter) -> (artifact id: 'e0c5fd40a0172ba65b83104a0b536490') in 0.2263572 seconds
Number of updated asset objects reloaded before import = 0Number of asset objects unloaded after import = 3

========================================================================
Received Import Request.
  Time since last request: 5.294329 seconds.
  path: Assets/LineRenderer/GAME FILES/backdrops/yellow and orange background.png
  artifactKey: Guid(edda6687d3110f244ba2939e6b01a173) Importer(815301076,1909f56bfc062723c751e8b465ee728b)
Start importing Assets/LineRenderer/GAME FILES/backdrops/yellow and orange background.png using Guid(edda6687d3110f244ba2939e6b01a173) Importer(815301076,1909f56bfc062723c751e8b465ee728b) (PreviewImporter) -> (artifact id: '295773d2e4e637f253e6906e71eb7903') in 0.2986659 seconds
Number of updated asset objects reloaded before import = 0Number of asset objects unloaded after import = 3

========================================================================
Received Import Request.
  Time since last request: 4.288799 seconds.
  path: Assets/LineRenderer/GAME FILES/bedroom (wall, ceiling, floors)/ceiling.png
  artifactKey: Guid(9a6bbc831994d4f4abc283632070165a) Importer(815301076,1909f56bfc062723c751e8b465ee728b)
Start importing Assets/LineRenderer/GAME FILES/bedroom (wall, ceiling, floors)/ceiling.png using Guid(9a6bbc831994d4f4abc283632070165a) Importer(815301076,1909f56bfc062723c751e8b465ee728b) (PreviewImporter) -> (artifact id: '4ccc61cf64f39ddfacc05fb5d690bb88') in 0.1288975 seconds
Number of updated asset objects reloaded before import = 0Number of asset objects unloaded after import = 2

========================================================================
Received Import Request.
  Time since last request: 5.458073 seconds.
  path: Assets/LineRenderer/GAME FILES/bedroom (wall, ceiling, floors)/ceiling.png
  artifactKey: Guid(9a6bbc831994d4f4abc283632070165a) Importer(815301076,1909f56bfc062723c751e8b465ee728b)
Start importing Assets/LineRenderer/GAME FILES/bedroom (wall, ceiling, floors)/ceiling.png using Guid(9a6bbc831994d4f4abc283632070165a) Importer(815301076,1909f56bfc062723c751e8b465ee728b) (PreviewImporter) -> (artifact id: 'c30c823217acd0c93e197eef2af6365f') in 0.0570746 seconds
Number of updated asset objects reloaded before import = 0Number of asset objects unloaded after import = 3

========================================================================
Received Import Request.
  Time since last request: 40.311960 seconds.
  path: Assets/LineRenderer/GAME FILES/buttons/add to collection button 2.png
  artifactKey: Guid(4efb1bb62a6b3e840b2bbf2b33858802) Importer(815301076,1909f56bfc062723c751e8b465ee728b)
Start importing Assets/LineRenderer/GAME FILES/buttons/add to collection button 2.png using Guid(4efb1bb62a6b3e840b2bbf2b33858802) Importer(815301076,1909f56bfc062723c751e8b465ee728b) (PreviewImporter) -> (artifact id: '84dfbb5c38bfe355bddae892048af439') in 0.2054329 seconds
Number of updated asset objects reloaded before import = 0Number of asset objects unloaded after import = 2

========================================================================
Received Import Request.
  Time since last request: 0.810627 seconds.
  path: Assets/LineRenderer/GAME FILES/buttons/yes button.png
  artifactKey: Guid(0994623aead4fe643a48509631c2e1b5) Importer(815301076,1909f56bfc062723c751e8b465ee728b)
Start importing Assets/LineRenderer/GAME FILES/buttons/yes button.png using Guid(0994623aead4fe643a48509631c2e1b5) Importer(815301076,1909f56bfc062723c751e8b465ee728b) (PreviewImporter) -> (artifact id: 'b8664d709901938982b941a4083e340a') in 0.0237241 seconds
Number of updated asset objects reloaded before import = 0Number of asset objects unloaded after import = 2

========================================================================
Received Import Request.
  Time since last request: 9.598156 seconds.
  path: Assets/LineRenderer/GAME FILES/buttons/yes button.png
  artifactKey: Guid(0994623aead4fe643a48509631c2e1b5) Importer(815301076,1909f56bfc062723c751e8b465ee728b)
Start importing Assets/LineRenderer/GAME FILES/buttons/yes button.png using Guid(0994623aead4fe643a48509631c2e1b5) Importer(815301076,1909f56bfc062723c751e8b465ee728b) (PreviewImporter) -> (artifact id: '432c9b779b8d5bacf5a275aa67ff1fa2') in 0.1999121 seconds
Number of updated asset objects reloaded before import = 0Number of asset objects unloaded after import = 3

========================================================================
Received Import Request.
  Time since last request: 3.071010 seconds.
  path: Assets/LineRenderer/GAME FILES/jackpot and mystery box
  artifactKey: Guid(e66b2e167e330e149ab770bdb294fbec) Importer(815301076,1909f56bfc062723c751e8b465ee728b)
Start importing Assets/LineRenderer/GAME FILES/jackpot and mystery box using Guid(e66b2e167e330e149ab770bdb294fbec) Importer(815301076,1909f56bfc062723c751e8b465ee728b) (PreviewImporter) -> (artifact id: 'fd66e42b01eee750f1e44527fd444de8') in 0.0006115 seconds
Number of updated asset objects reloaded before import = 0Number of asset objects unloaded after import = 0

========================================================================
Received Import Request.
  Time since last request: 1.026163 seconds.
  path: Assets/LineRenderer/GAME FILES/jackpot and mystery box/coin jackpot.png
  artifactKey: Guid(3c65a99ee5e2afa4d989e70d9031d8f0) Importer(815301076,1909f56bfc062723c751e8b465ee728b)
Start importing Assets/LineRenderer/GAME FILES/jackpot and mystery box/coin jackpot.png using Guid(3c65a99ee5e2afa4d989e70d9031d8f0) Importer(815301076,1909f56bfc062723c751e8b465ee728b) (PreviewImporter) -> (artifact id: '66456e5f99d82a1b81d50e4e4bed447f') in 0.1692975 seconds
Number of updated asset objects reloaded before import = 0Number of asset objects unloaded after import = 2

========================================================================
Received Import Request.
  Time since last request: 0.855685 seconds.
  path: Assets/LineRenderer/GAME FILES/jackpot and mystery box/spin arrow.png
  artifactKey: Guid(32c36623360a36f47be351de06af125c) Importer(815301076,1909f56bfc062723c751e8b465ee728b)
Start importing Assets/LineRenderer/GAME FILES/jackpot and mystery box/spin arrow.png using Guid(32c36623360a36f47be351de06af125c) Importer(815301076,1909f56bfc062723c751e8b465ee728b) (PreviewImporter) -> (artifact id: '5c1955ea04e3e53db37d83e62f700713') in 0.0231188 seconds
Number of updated asset objects reloaded before import = 0Number of asset objects unloaded after import = 2

========================================================================
Received Import Request.
  Time since last request: 8.682155 seconds.
  path: Assets/LineRenderer/GAME FILES/jackpot and mystery box/spin arrow.png
  artifactKey: Guid(32c36623360a36f47be351de06af125c) Importer(815301076,1909f56bfc062723c751e8b465ee728b)
Start importing Assets/LineRenderer/GAME FILES/jackpot and mystery box/spin arrow.png using Guid(32c36623360a36f47be351de06af125c) Importer(815301076,1909f56bfc062723c751e8b465ee728b) (PreviewImporter) -> (artifact id: '0d6cb16d80cb047aab14a01db873fb5b') in 0.0693316 seconds
Number of updated asset objects reloaded before import = 0Number of asset objects unloaded after import = 3

========================================================================
Received Import Request.
  Time since last request: 13.291393 seconds.
  path: Assets/LineRenderer/GAME FILES/plushies and sewing items/arm left.png
  artifactKey: Guid(78ccb77f0ce58d54f8956b9557b005e7) Importer(815301076,1909f56bfc062723c751e8b465ee728b)
Start importing Assets/LineRenderer/GAME FILES/plushies and sewing items/arm left.png using Guid(78ccb77f0ce58d54f8956b9557b005e7) Importer(815301076,1909f56bfc062723c751e8b465ee728b) (PreviewImporter) -> (artifact id: '073e4ded7955683f4f38ba01663076e3') in 0.198783 seconds
Number of updated asset objects reloaded before import = 0Number of asset objects unloaded after import = 2

========================================================================
Received Import Request.
  Time since last request: 1.443663 seconds.
  path: Assets/LineRenderer/GAME FILES/plushies and sewing items/button.png
  artifactKey: Guid(b29aa13b9a502ae45b38a4779f440a0c) Importer(815301076,1909f56bfc062723c751e8b465ee728b)
Start importing Assets/LineRenderer/GAME FILES/plushies and sewing items/button.png using Guid(b29aa13b9a502ae45b38a4779f440a0c) Importer(815301076,1909f56bfc062723c751e8b465ee728b) (PreviewImporter) -> (artifact id: '970230fb1dc742e2d16ffe8c5945e997') in 0.0222135 seconds
Number of updated asset objects reloaded before import = 0Number of asset objects unloaded after import = 2

========================================================================
Received Import Request.
  Time since last request: 6.792498 seconds.
  path: Assets/LineRenderer/GAME FILES/plushies and sewing items/button.png
  artifactKey: Guid(b29aa13b9a502ae45b38a4779f440a0c) Importer(815301076,1909f56bfc062723c751e8b465ee728b)
Start importing Assets/LineRenderer/GAME FILES/plushies and sewing items/button.png using Guid(b29aa13b9a502ae45b38a4779f440a0c) Importer(815301076,1909f56bfc062723c751e8b465ee728b) (PreviewImporter) -> (artifact id: '8192813f0de72fd7ab3caef72bcfbd72') in 0.1835703 seconds
Number of updated asset objects reloaded before import = 0Number of asset objects unloaded after import = 3

========================================================================
Received Import Request.
  Time since last request: 98.664663 seconds.
  path: Assets/LineRenderer/LineRenderer_Gameplay.unity
  artifactKey: Guid(0443b9ce16db2694cb84bd2e76b12915) Importer(2089858483,192608db42251d675da83286b1cce702)
Start importing Assets/LineRenderer/LineRenderer_Gameplay.unity using Guid(0443b9ce16db2694cb84bd2e76b12915) Importer(2089858483,192608db42251d675da83286b1cce702) (ScriptedImporter) -> (artifact id: '4dcf30702aa56ef50d71f7799402a4e6') in 0.0207592 seconds
Number of updated asset objects reloaded before import = 0Number of asset objects unloaded after import = 1

========================================================================
Received Import Request.
  Time since last request: 9.515556 seconds.
  path: Assets/LineRenderer/GAME FILES/room decorations/brown bed.png
  artifactKey: Guid(bbdfd7d158066324c872c2c86bad69c3) Importer(815301076,1909f56bfc062723c751e8b465ee728b)
Start importing Assets/LineRenderer/GAME FILES/room decorations/brown bed.png using Guid(bbdfd7d158066324c872c2c86bad69c3) Importer(815301076,1909f56bfc062723c751e8b465ee728b) (PreviewImporter) -> (artifact id: '99862018622afc3585ecaccfc1ff45d5') in 0.1761521 seconds
Number of updated asset objects reloaded before import = 0Number of asset objects unloaded after import = 2

========================================================================
Received Import Request.
  Time since last request: 0.568935 seconds.
  path: Assets/LineRenderer/GAME FILES/room decorations/white shelf.png
  artifactKey: Guid(6bc7c452b9a7ee74ca3ddd962f6bdb73) Importer(815301076,1909f56bfc062723c751e8b465ee728b)
Start importing Assets/LineRenderer/GAME FILES/room decorations/white shelf.png using Guid(6bc7c452b9a7ee74ca3ddd962f6bdb73) Importer(815301076,1909f56bfc062723c751e8b465ee728b) (PreviewImporter) -> (artifact id: 'fa1119a296f8e74a6bd4cc27894146d2') in 0.0222853 seconds
Number of updated asset objects reloaded before import = 0Number of asset objects unloaded after import = 2

========================================================================
Received Import Request.
  Time since last request: 5.811161 seconds.
  path: Assets/LineRenderer/GAME FILES/room decorations/white shelf.png
  artifactKey: Guid(6bc7c452b9a7ee74ca3ddd962f6bdb73) Importer(815301076,1909f56bfc062723c751e8b465ee728b)
Start importing Assets/LineRenderer/GAME FILES/room decorations/white shelf.png using Guid(6bc7c452b9a7ee74ca3ddd962f6bdb73) Importer(815301076,1909f56bfc062723c751e8b465ee728b) (PreviewImporter) -> (artifact id: 'b57363203be2fcb25ed31d72f7151777') in 0.1684298 seconds
Number of updated asset objects reloaded before import = 0Number of asset objects unloaded after import = 3

========================================================================
Received Import Request.
  Time since last request: 3.062190 seconds.
  path: Assets/LineRenderer/GAME FILES/sample in game snapshots/daily jackpot screen.png
  artifactKey: Guid(99eb87f5588265e4696bd31ee7cce8f0) Importer(815301076,1909f56bfc062723c751e8b465ee728b)
Start importing Assets/LineRenderer/GAME FILES/sample in game snapshots/daily jackpot screen.png using Guid(99eb87f5588265e4696bd31ee7cce8f0) Importer(815301076,1909f56bfc062723c751e8b465ee728b) (PreviewImporter) -> (artifact id: '6b8639f5b64adcfc064ed3c6b298d72a') in 0.2026057 seconds
Number of updated asset objects reloaded before import = 0Number of asset objects unloaded after import = 2

========================================================================
Received Import Request.
  Time since last request: 0.763550 seconds.
  path: Assets/LineRenderer/GAME FILES/sample in game snapshots/save your room.png
  artifactKey: Guid(293e80c8e194f8643ae2af3260c2f46b) Importer(815301076,1909f56bfc062723c751e8b465ee728b)
Start importing Assets/LineRenderer/GAME FILES/sample in game snapshots/save your room.png using Guid(293e80c8e194f8643ae2af3260c2f46b) Importer(815301076,1909f56bfc062723c751e8b465ee728b) (PreviewImporter) -> (artifact id: 'a9327cf0f339fe4ff585f7ac62ca4d46') in 0.0425418 seconds
Number of updated asset objects reloaded before import = 0Number of asset objects unloaded after import = 2

========================================================================
Received Import Request.
  Time since last request: 10.257396 seconds.
  path: Assets/LineRenderer/GAME FILES/sample in game snapshots/save your room.png
  artifactKey: Guid(293e80c8e194f8643ae2af3260c2f46b) Importer(815301076,1909f56bfc062723c751e8b465ee728b)
Start importing Assets/LineRenderer/GAME FILES/sample in game snapshots/save your room.png using Guid(293e80c8e194f8643ae2af3260c2f46b) Importer(815301076,1909f56bfc062723c751e8b465ee728b) (PreviewImporter) -> (artifact id: 'ba47fef2124616c00275d98396526c61') in 0.213508 seconds
Number of updated asset objects reloaded before import = 0Number of asset objects unloaded after import = 3

========================================================================
Received Import Request.
  Time since last request: 3.523523 seconds.
  path: Assets/LineRenderer/GAME FILES/sound haptics/background music.mp3
  artifactKey: Guid(245b249336108e9489d15b6ef909b8dd) Importer(815301076,1909f56bfc062723c751e8b465ee728b)
Start importing Assets/LineRenderer/GAME FILES/sound haptics/background music.mp3 using Guid(245b249336108e9489d15b6ef909b8dd) Importer(815301076,1909f56bfc062723c751e8b465ee728b) (PreviewImporter) -> (artifact id: '2624e3e37af8abb002093f9347ed0fee') in 0.1092413 seconds
Number of updated asset objects reloaded before import = 0Number of asset objects unloaded after import = 2

========================================================================
Received Import Request.
  Time since last request: 1.304452 seconds.
  path: Assets/LineRenderer/GAME FILES/words by themselves/+500.png
  artifactKey: Guid(fedff8e199b63374a8ac061c5a35e60e) Importer(815301076,1909f56bfc062723c751e8b465ee728b)
Start importing Assets/LineRenderer/GAME FILES/words by themselves/+500.png using Guid(fedff8e199b63374a8ac061c5a35e60e) Importer(815301076,1909f56bfc062723c751e8b465ee728b) (PreviewImporter) -> (artifact id: '121450874442bd3d2686a013fbcf4dfd') in 0.0220174 seconds
Number of updated asset objects reloaded before import = 0Number of asset objects unloaded after import = 2

========================================================================
Received Import Request.
  Time since last request: 0.884938 seconds.
  path: Assets/LineRenderer/GAME FILES/words by themselves/save your room words.png
  artifactKey: Guid(29f6d63c01a257549bd5289cfb3b7d67) Importer(815301076,1909f56bfc062723c751e8b465ee728b)
Start importing Assets/LineRenderer/GAME FILES/words by themselves/save your room words.png using Guid(29f6d63c01a257549bd5289cfb3b7d67) Importer(815301076,1909f56bfc062723c751e8b465ee728b) (PreviewImporter) -> (artifact id: 'a04bb46c1ffa4c9384bb7708a73d2c13') in 0.0416519 seconds
Number of updated asset objects reloaded before import = 0Number of asset objects unloaded after import = 2

========================================================================
Received Import Request.
  Time since last request: 9.227338 seconds.
  path: Assets/LineRenderer/GAME FILES/words by themselves/save your room words.png
  artifactKey: Guid(29f6d63c01a257549bd5289cfb3b7d67) Importer(815301076,1909f56bfc062723c751e8b465ee728b)
Start importing Assets/LineRenderer/GAME FILES/words by themselves/save your room words.png using Guid(29f6d63c01a257549bd5289cfb3b7d67) Importer(815301076,1909f56bfc062723c751e8b465ee728b) (PreviewImporter) -> (artifact id: '062913076d010578f10f25d8ff3a7811') in 0.2498561 seconds
Number of updated asset objects reloaded before import = 0Number of asset objects unloaded after import = 3

========================================================================
Received Import Request.
  Time since last request: 2.569923 seconds.
  path: Assets/LineRenderer/GAME FILES/words by themselves/extra word.png
  artifactKey: Guid(51c521f9a38938e45b8fabf9320a7bd2) Importer(815301076,1909f56bfc062723c751e8b465ee728b)
Start importing Assets/LineRenderer/GAME FILES/words by themselves/extra word.png using Guid(51c521f9a38938e45b8fabf9320a7bd2) Importer(815301076,1909f56bfc062723c751e8b465ee728b) (PreviewImporter) -> (artifact id: 'c8aa84714f148653b525f1ef8865d8c6') in 0.0450898 seconds
Number of updated asset objects reloaded before import = 0Number of asset objects unloaded after import = 3

========================================================================
Received Import Request.
  Time since last request: 10.827553 seconds.
  path: Assets/LineRenderer/GAME FILES/bedroom (wall, ceiling, floors)/walls.png
  artifactKey: Guid(177272139b134fb4295507d2fad715b6) Importer(815301076,1909f56bfc062723c751e8b465ee728b)
Start importing Assets/LineRenderer/GAME FILES/bedroom (wall, ceiling, floors)/walls.png using Guid(177272139b134fb4295507d2fad715b6) Importer(815301076,1909f56bfc062723c751e8b465ee728b) (PreviewImporter) -> (artifact id: 'a13512e24c0595e016745bd4250f34f3') in 0.2138101 seconds
Number of updated asset objects reloaded before import = 0Number of asset objects unloaded after import = 3

========================================================================
Received Import Request.
  Time since last request: 1.386230 seconds.
  path: Assets/LineRenderer/GAME FILES/bedroom (wall, ceiling, floors)/starting bedroom.png
  artifactKey: Guid(ec60f9241872dc345ba659c625fb72b8) Importer(815301076,1909f56bfc062723c751e8b465ee728b)
Start importing Assets/LineRenderer/GAME FILES/bedroom (wall, ceiling, floors)/starting bedroom.png using Guid(ec60f9241872dc345ba659c625fb72b8) Importer(815301076,1909f56bfc062723c751e8b465ee728b) (PreviewImporter) -> (artifact id: '58e0e8dd423af0319a96141b3560b037') in 0.0285011 seconds
Number of updated asset objects reloaded before import = 0Number of asset objects unloaded after import = 3

========================================================================
Received Import Request.
  Time since last request: 0.541933 seconds.
  path: Assets/LineRenderer/GAME FILES/bedroom (wall, ceiling, floors)/floor.png
  artifactKey: Guid(26fb71a64fb4de94e90b836e7ac53969) Importer(815301076,1909f56bfc062723c751e8b465ee728b)
Start importing Assets/LineRenderer/GAME FILES/bedroom (wall, ceiling, floors)/floor.png using Guid(26fb71a64fb4de94e90b836e7ac53969) Importer(815301076,1909f56bfc062723c751e8b465ee728b) (PreviewImporter) -> (artifact id: '35494d7d573848893fe16a6a1cbf833e') in 0.0460107 seconds
Number of updated asset objects reloaded before import = 0Number of asset objects unloaded after import = 3

========================================================================
Received Import Request.
  Time since last request: 36.752971 seconds.
  path: Assets/LineRenderer/GAME FILES/backdrops/created background.png
  artifactKey: Guid(193e05a71be5266489a65ca67a6239bb) Importer(815301076,1909f56bfc062723c751e8b465ee728b)
Start importing Assets/LineRenderer/GAME FILES/backdrops/created background.png using Guid(193e05a71be5266489a65ca67a6239bb) Importer(815301076,1909f56bfc062723c751e8b465ee728b) (PreviewImporter) -> (artifact id: '710275e50d7c41c468c4e72a404d7e65') in 0.1306759 seconds
Number of updated asset objects reloaded before import = 0Number of asset objects unloaded after import = 2

========================================================================
Received Import Request.
  Time since last request: 34.773699 seconds.
  path: Assets/LineRenderer/LineRenderer_Gameplay.unity
  artifactKey: Guid(0443b9ce16db2694cb84bd2e76b12915) Importer(2089858483,192608db42251d675da83286b1cce702)
Start importing Assets/LineRenderer/LineRenderer_Gameplay.unity using Guid(0443b9ce16db2694cb84bd2e76b12915) Importer(2089858483,192608db42251d675da83286b1cce702) (ScriptedImporter) -> (artifact id: 'cea00c1f618cd88c2078b587f38d5ac5') in 0.0293717 seconds
Number of updated asset objects reloaded before import = 0Number of asset objects unloaded after import = 1

========================================================================
Received Import Request.
  Time since last request: 20.630718 seconds.
  path: Assets/LineRenderer/LineRenderer_Gameplay.unity
  artifactKey: Guid(0443b9ce16db2694cb84bd2e76b12915) Importer(2089858483,192608db42251d675da83286b1cce702)
Start importing Assets/LineRenderer/LineRenderer_Gameplay.unity using Guid(0443b9ce16db2694cb84bd2e76b12915) Importer(2089858483,192608db42251d675da83286b1cce702) (ScriptedImporter) -> (artifact id: '7315ad429f249665f0dff0f83be52b5c') in 0.0220365 seconds
Number of updated asset objects reloaded before import = 0Number of asset objects unloaded after import = 1

========================================================================
Received Import Request.
  Time since last request: 16.324668 seconds.
  path: Assets/LineRenderer/LineRenderer_Gameplay.unity
  artifactKey: Guid(0443b9ce16db2694cb84bd2e76b12915) Importer(2089858483,192608db42251d675da83286b1cce702)
Start importing Assets/LineRenderer/LineRenderer_Gameplay.unity using Guid(0443b9ce16db2694cb84bd2e76b12915) Importer(2089858483,192608db42251d675da83286b1cce702) (ScriptedImporter) -> (artifact id: '1eacf0f05e00c5140e5325ebbca8a6dd') in 0.0198021 seconds
Number of updated asset objects reloaded before import = 0Number of asset objects unloaded after import = 1

========================================================================
Received Prepare
Begin MonoManager ReloadAssembly
- Loaded All Assemblies, in  0.842 seconds
Refreshing native plugins compatible for Editor in 2.40 ms, found 7 plugins.
Native extension for iOS target not found
Native extension for Android target not found
Native extension for WindowsStandalone target not found
Native extension for WebGL target not found
Mono: successfully reloaded assembly
- Finished resetting the current domain, in  0.922 seconds
Domain Reload Profiling: 1765ms
	BeginReloadAssembly (247ms)
		ExecutionOrderSort (0ms)
		DisableScriptedObjects (7ms)
		BackupInstance (0ms)
		ReleaseScriptingObjects (0ms)
		CreateAndSetChildDomain (72ms)
	RebuildCommonClasses (43ms)
	RebuildNativeTypeToScriptingClass (16ms)
	initialDomainReloadingComplete (29ms)
	LoadAllAssembliesAndSetupDomain (508ms)
		LoadAssemblies (379ms)
		RebuildTransferFunctionScriptingTraits (0ms)
		AnalyzeDomain (238ms)
			TypeCache.Refresh (7ms)
				TypeCache.ScanAssembly (0ms)
			BuildScriptInfoCaches (208ms)
			ResolveRequiredComponents (19ms)
	FinalizeReload (923ms)
		ReleaseScriptCaches (0ms)
		RebuildScriptCaches (0ms)
		SetupLoadedEditorAssemblies (630ms)
			LogAssemblyErrors (0ms)
			InitializePlatformSupportModulesInManaged (25ms)
			SetLoadedEditorAssemblies (5ms)
			BeforeProcessingInitializeOnLoad (133ms)
			ProcessInitializeOnLoadAttributes (366ms)
			ProcessInitializeOnLoadMethodAttributes (96ms)
			AfterProcessingInitializeOnLoad (4ms)
			EditorAssembliesLoaded (0ms)
		ExecutionOrderSort2 (0ms)
		AwakeInstancesAfterBackupRestoration (16ms)
Shader 'MoreMountains/MMRipple': fallback shader 'Particle/AlphaBlended' not found
Refreshing native plugins compatible for Editor in 2.50 ms, found 7 plugins.
Preloading 0 native plugins for Editor in 0.00 ms.
Unloading 74 Unused Serialized files (Serialized files now loaded: 0)
Unloading 7498 unused Assets / (11.7 MB). Loaded Objects now: 8245.
Memory consumption went from 236.0 MB to 224.3 MB.
Total: 11.784300 ms (FindLiveObjects: 0.973900 ms CreateObjectMapping: 0.617300 ms MarkObjects: 5.424900 ms  DeleteObjects: 4.766900 ms)

Prepare: number of updated asset objects reloaded= 0
========================================================================
Received Prepare
Shader 'MoreMountains/MMRipple': fallback shader 'Particle/AlphaBlended' not found
Refreshing native plugins compatible for Editor in 3.87 ms, found 7 plugins.
Preloading 0 native plugins for Editor in 0.00 ms.
Unloading 64 Unused Serialized files (Serialized files now loaded: 0)
Unloading 64 unused Assets / (7.3 MB). Loaded Objects now: 8245.
Memory consumption went from 229.6 MB to 222.3 MB.
Total: 7.604500 ms (FindLiveObjects: 0.520300 ms CreateObjectMapping: 0.180900 ms MarkObjects: 5.134100 ms  DeleteObjects: 1.767900 ms)

Prepare: number of updated asset objects reloaded= 0
========================================================================
Received Prepare
Begin MonoManager ReloadAssembly
- Loaded All Assemblies, in  0.833 seconds
Refreshing native plugins compatible for Editor in 2.51 ms, found 7 plugins.
Native extension for iOS target not found
Native extension for Android target not found
Native extension for WindowsStandalone target not found
Native extension for WebGL target not found
Mono: successfully reloaded assembly
- Finished resetting the current domain, in  0.807 seconds
Domain Reload Profiling: 1640ms
	BeginReloadAssembly (221ms)
		ExecutionOrderSort (0ms)
		DisableScriptedObjects (6ms)
		BackupInstance (0ms)
		ReleaseScriptingObjects (0ms)
		CreateAndSetChildDomain (51ms)
	RebuildCommonClasses (45ms)
	RebuildNativeTypeToScriptingClass (17ms)
	initialDomainReloadingComplete (33ms)
	LoadAllAssembliesAndSetupDomain (517ms)
		LoadAssemblies (388ms)
		RebuildTransferFunctionScriptingTraits (0ms)
		AnalyzeDomain (235ms)
			TypeCache.Refresh (8ms)
				TypeCache.ScanAssembly (0ms)
			BuildScriptInfoCaches (204ms)
			ResolveRequiredComponents (19ms)
	FinalizeReload (807ms)
		ReleaseScriptCaches (0ms)
		RebuildScriptCaches (0ms)
		SetupLoadedEditorAssemblies (633ms)
			LogAssemblyErrors (0ms)
			InitializePlatformSupportModulesInManaged (24ms)
			SetLoadedEditorAssemblies (5ms)
			BeforeProcessingInitializeOnLoad (134ms)
			ProcessInitializeOnLoadAttributes (360ms)
			ProcessInitializeOnLoadMethodAttributes (102ms)
			AfterProcessingInitializeOnLoad (7ms)
			EditorAssembliesLoaded (0ms)
		ExecutionOrderSort2 (0ms)
		AwakeInstancesAfterBackupRestoration (18ms)
Shader 'MoreMountains/MMRipple': fallback shader 'Particle/AlphaBlended' not found
Refreshing native plugins compatible for Editor in 2.56 ms, found 7 plugins.
Preloading 0 native plugins for Editor in 0.00 ms.
Unloading 64 Unused Serialized files (Serialized files now loaded: 0)
Unloading 7498 unused Assets / (11.9 MB). Loaded Objects now: 8247.
Memory consumption went from 235.5 MB to 223.5 MB.
Total: 13.492900 ms (FindLiveObjects: 1.030300 ms CreateObjectMapping: 0.402200 ms MarkObjects: 6.870900 ms  DeleteObjects: 5.188100 ms)

Prepare: number of updated asset objects reloaded= 0
========================================================================
Received Prepare
Shader 'MoreMountains/MMRipple': fallback shader 'Particle/AlphaBlended' not found
Refreshing native plugins compatible for Editor in 3.47 ms, found 7 plugins.
Preloading 0 native plugins for Editor in 0.00 ms.
Unloading 64 Unused Serialized files (Serialized files now loaded: 0)
Unloading 64 unused Assets / (7.3 MB). Loaded Objects now: 8247.
Memory consumption went from 230.8 MB to 223.5 MB.
Total: 9.119900 ms (FindLiveObjects: 0.661000 ms CreateObjectMapping: 0.221600 ms MarkObjects: 6.370400 ms  DeleteObjects: 1.865400 ms)

Prepare: number of updated asset objects reloaded= 0
========================================================================
Received Prepare
Begin MonoManager ReloadAssembly
- Loaded All Assemblies, in  0.838 seconds
Refreshing native plugins compatible for Editor in 2.60 ms, found 7 plugins.
Native extension for iOS target not found
Native extension for Android target not found
Native extension for WindowsStandalone target not found
Native extension for WebGL target not found
Mono: successfully reloaded assembly
- Finished resetting the current domain, in  0.797 seconds
Domain Reload Profiling: 1636ms
	BeginReloadAssembly (230ms)
		ExecutionOrderSort (0ms)
		DisableScriptedObjects (6ms)
		BackupInstance (0ms)
		ReleaseScriptingObjects (0ms)
		CreateAndSetChildDomain (53ms)
	RebuildCommonClasses (44ms)
	RebuildNativeTypeToScriptingClass (16ms)
	initialDomainReloadingComplete (29ms)
	LoadAllAssembliesAndSetupDomain (519ms)
		LoadAssemblies (388ms)
		RebuildTransferFunctionScriptingTraits (0ms)
		AnalyzeDomain (237ms)
			TypeCache.Refresh (7ms)
				TypeCache.ScanAssembly (0ms)
			BuildScriptInfoCaches (201ms)
			ResolveRequiredComponents (24ms)
	FinalizeReload (798ms)
		ReleaseScriptCaches (0ms)
		RebuildScriptCaches (0ms)
		SetupLoadedEditorAssemblies (625ms)
			LogAssemblyErrors (0ms)
			InitializePlatformSupportModulesInManaged (24ms)
			SetLoadedEditorAssemblies (5ms)
			BeforeProcessingInitializeOnLoad (133ms)
			ProcessInitializeOnLoadAttributes (354ms)
			ProcessInitializeOnLoadMethodAttributes (103ms)
			AfterProcessingInitializeOnLoad (4ms)
			EditorAssembliesLoaded (0ms)
		ExecutionOrderSort2 (0ms)
		AwakeInstancesAfterBackupRestoration (15ms)
Shader 'MoreMountains/MMRipple': fallback shader 'Particle/AlphaBlended' not found
Refreshing native plugins compatible for Editor in 2.62 ms, found 7 plugins.
Preloading 0 native plugins for Editor in 0.00 ms.
Unloading 64 Unused Serialized files (Serialized files now loaded: 0)
Unloading 7498 unused Assets / (13.9 MB). Loaded Objects now: 8249.
Memory consumption went from 236.8 MB to 222.9 MB.
Total: 15.238400 ms (FindLiveObjects: 0.973900 ms CreateObjectMapping: 0.402700 ms MarkObjects: 6.337700 ms  DeleteObjects: 7.522600 ms)

Prepare: number of updated asset objects reloaded= 0
========================================================================
Received Prepare
Shader 'MoreMountains/MMRipple': fallback shader 'Particle/AlphaBlended' not found
Refreshing native plugins compatible for Editor in 2.65 ms, found 7 plugins.
Preloading 0 native plugins for Editor in 0.00 ms.
Unloading 64 Unused Serialized files (Serialized files now loaded: 0)
Unloading 64 unused Assets / (7.3 MB). Loaded Objects now: 8249.
Memory consumption went from 232.1 MB to 224.8 MB.
Total: 7.998800 ms (FindLiveObjects: 0.515200 ms CreateObjectMapping: 0.185100 ms MarkObjects: 5.488900 ms  DeleteObjects: 1.808400 ms)

Prepare: number of updated asset objects reloaded= 0
========================================================================
Received Prepare
Begin MonoManager ReloadAssembly
- Loaded All Assemblies, in  0.842 seconds
Refreshing native plugins compatible for Editor in 3.79 ms, found 7 plugins.
Native extension for iOS target not found
Native extension for Android target not found
Native extension for WindowsStandalone target not found
Native extension for WebGL target not found
Mono: successfully reloaded assembly
- Finished resetting the current domain, in  0.795 seconds
Domain Reload Profiling: 1638ms
	BeginReloadAssembly (224ms)
		ExecutionOrderSort (0ms)
		DisableScriptedObjects (7ms)
		BackupInstance (0ms)
		ReleaseScriptingObjects (0ms)
		CreateAndSetChildDomain (59ms)
	RebuildCommonClasses (45ms)
	RebuildNativeTypeToScriptingClass (16ms)
	initialDomainReloadingComplete (31ms)
	LoadAllAssembliesAndSetupDomain (527ms)
		LoadAssemblies (387ms)
		RebuildTransferFunctionScriptingTraits (0ms)
		AnalyzeDomain (239ms)
			TypeCache.Refresh (7ms)
				TypeCache.ScanAssembly (0ms)
			BuildScriptInfoCaches (207ms)
			ResolveRequiredComponents (19ms)
	FinalizeReload (795ms)
		ReleaseScriptCaches (0ms)
		RebuildScriptCaches (0ms)
		SetupLoadedEditorAssemblies (624ms)
			LogAssemblyErrors (0ms)
			InitializePlatformSupportModulesInManaged (24ms)
			SetLoadedEditorAssemblies (5ms)
			BeforeProcessingInitializeOnLoad (131ms)
			ProcessInitializeOnLoadAttributes (362ms)
			ProcessInitializeOnLoadMethodAttributes (98ms)
			AfterProcessingInitializeOnLoad (4ms)
			EditorAssembliesLoaded (0ms)
		ExecutionOrderSort2 (0ms)
		AwakeInstancesAfterBackupRestoration (15ms)
Shader 'MoreMountains/MMRipple': fallback shader 'Particle/AlphaBlended' not found
Refreshing native plugins compatible for Editor in 2.58 ms, found 7 plugins.
Preloading 0 native plugins for Editor in 0.00 ms.
Unloading 64 Unused Serialized files (Serialized files now loaded: 0)
Unloading 7498 unused Assets / (11.5 MB). Loaded Objects now: 8251.
Memory consumption went from 238.0 MB to 226.5 MB.
Total: 11.832000 ms (FindLiveObjects: 1.023700 ms CreateObjectMapping: 0.542200 ms MarkObjects: 5.508200 ms  DeleteObjects: 4.756100 ms)

Prepare: number of updated asset objects reloaded= 0
========================================================================
Received Prepare
Shader 'MoreMountains/MMRipple': fallback shader 'Particle/AlphaBlended' not found
Refreshing native plugins compatible for Editor in 2.62 ms, found 7 plugins.
Preloading 0 native plugins for Editor in 0.00 ms.
Unloading 64 Unused Serialized files (Serialized files now loaded: 0)
Unloading 64 unused Assets / (7.3 MB). Loaded Objects now: 8251.
Memory consumption went from 233.3 MB to 226.0 MB.
Total: 7.935900 ms (FindLiveObjects: 0.518900 ms CreateObjectMapping: 0.181000 ms MarkObjects: 5.509700 ms  DeleteObjects: 1.725000 ms)

Prepare: number of updated asset objects reloaded= 0
========================================================================
Received Prepare
Begin MonoManager ReloadAssembly
- Loaded All Assemblies, in  0.867 seconds
Refreshing native plugins compatible for Editor in 2.60 ms, found 7 plugins.
Native extension for iOS target not found
Native extension for Android target not found
Native extension for WindowsStandalone target not found
Native extension for WebGL target not found
Mono: successfully reloaded assembly
- Finished resetting the current domain, in  0.804 seconds
Domain Reload Profiling: 1670ms
	BeginReloadAssembly (233ms)
		ExecutionOrderSort (0ms)
		DisableScriptedObjects (6ms)
		BackupInstance (0ms)
		ReleaseScriptingObjects (0ms)
		CreateAndSetChildDomain (53ms)
	RebuildCommonClasses (45ms)
	RebuildNativeTypeToScriptingClass (17ms)
	initialDomainReloadingComplete (37ms)
	LoadAllAssembliesAndSetupDomain (534ms)
		LoadAssemblies (399ms)
		RebuildTransferFunctionScriptingTraits (0ms)
		AnalyzeDomain (250ms)
			TypeCache.Refresh (8ms)
				TypeCache.ScanAssembly (0ms)
			BuildScriptInfoCaches (219ms)
			ResolveRequiredComponents (19ms)
	FinalizeReload (804ms)
		ReleaseScriptCaches (0ms)
		RebuildScriptCaches (0ms)
		SetupLoadedEditorAssemblies (632ms)
			LogAssemblyErrors (0ms)
			InitializePlatformSupportModulesInManaged (27ms)
			SetLoadedEditorAssemblies (6ms)
			BeforeProcessingInitializeOnLoad (133ms)
			ProcessInitializeOnLoadAttributes (357ms)
			ProcessInitializeOnLoadMethodAttributes (105ms)
			AfterProcessingInitializeOnLoad (4ms)
			EditorAssembliesLoaded (0ms)
		ExecutionOrderSort2 (0ms)
		AwakeInstancesAfterBackupRestoration (16ms)
Shader 'MoreMountains/MMRipple': fallback shader 'Particle/AlphaBlended' not found
Refreshing native plugins compatible for Editor in 2.56 ms, found 7 plugins.
Preloading 0 native plugins for Editor in 0.00 ms.
Unloading 64 Unused Serialized files (Serialized files now loaded: 0)
Unloading 7498 unused Assets / (12.2 MB). Loaded Objects now: 8253.
Memory consumption went from 239.3 MB to 227.1 MB.
Total: 12.304300 ms (FindLiveObjects: 1.005000 ms CreateObjectMapping: 0.412000 ms MarkObjects: 5.431700 ms  DeleteObjects: 5.453600 ms)

Prepare: number of updated asset objects reloaded= 0
========================================================================
Received Prepare
Shader 'MoreMountains/MMRipple': fallback shader 'Particle/AlphaBlended' not found
Refreshing native plugins compatible for Editor in 2.50 ms, found 7 plugins.
Preloading 0 native plugins for Editor in 0.00 ms.
Unloading 64 Unused Serialized files (Serialized files now loaded: 0)
Unloading 64 unused Assets / (7.3 MB). Loaded Objects now: 8253.
Memory consumption went from 234.6 MB to 227.3 MB.
Total: 7.893300 ms (FindLiveObjects: 0.559000 ms CreateObjectMapping: 0.184600 ms MarkObjects: 5.315400 ms  DeleteObjects: 1.833100 ms)

Prepare: number of updated asset objects reloaded= 0
========================================================================
Received Prepare
Begin MonoManager ReloadAssembly
- Loaded All Assemblies, in  0.834 seconds
Refreshing native plugins compatible for Editor in 2.56 ms, found 7 plugins.
Native extension for iOS target not found
Native extension for Android target not found
Native extension for WindowsStandalone target not found
Native extension for WebGL target not found
Mono: successfully reloaded assembly
- Finished resetting the current domain, in  0.805 seconds
Domain Reload Profiling: 1640ms
	BeginReloadAssembly (223ms)
		ExecutionOrderSort (0ms)
		DisableScriptedObjects (6ms)
		BackupInstance (0ms)
		ReleaseScriptingObjects (0ms)
		CreateAndSetChildDomain (54ms)
	RebuildCommonClasses (45ms)
	RebuildNativeTypeToScriptingClass (17ms)
	initialDomainReloadingComplete (28ms)
	LoadAllAssembliesAndSetupDomain (521ms)
		LoadAssemblies (385ms)
		RebuildTransferFunctionScriptingTraits (0ms)
		AnalyzeDomain (240ms)
			TypeCache.Refresh (9ms)
				TypeCache.ScanAssembly (0ms)
			BuildScriptInfoCaches (204ms)
			ResolveRequiredComponents (21ms)
	FinalizeReload (806ms)
		ReleaseScriptCaches (0ms)
		RebuildScriptCaches (0ms)
		SetupLoadedEditorAssemblies (628ms)
			LogAssemblyErrors (0ms)
			InitializePlatformSupportModulesInManaged (26ms)
			SetLoadedEditorAssemblies (5ms)
			BeforeProcessingInitializeOnLoad (134ms)
			ProcessInitializeOnLoadAttributes (356ms)
			ProcessInitializeOnLoadMethodAttributes (101ms)
			AfterProcessingInitializeOnLoad (4ms)
			EditorAssembliesLoaded (0ms)
		ExecutionOrderSort2 (0ms)
		AwakeInstancesAfterBackupRestoration (15ms)
Shader 'MoreMountains/MMRipple': fallback shader 'Particle/AlphaBlended' not found
Refreshing native plugins compatible for Editor in 2.59 ms, found 7 plugins.
Preloading 0 native plugins for Editor in 0.00 ms.
Unloading 64 Unused Serialized files (Serialized files now loaded: 0)
Unloading 7498 unused Assets / (11.9 MB). Loaded Objects now: 8255.
Memory consumption went from 240.5 MB to 228.7 MB.
Total: 11.367900 ms (FindLiveObjects: 0.992200 ms CreateObjectMapping: 0.413500 ms MarkObjects: 5.218900 ms  DeleteObjects: 4.741500 ms)

Prepare: number of updated asset objects reloaded= 0
========================================================================
Received Prepare
Shader 'MoreMountains/MMRipple': fallback shader 'Particle/AlphaBlended' not found
Refreshing native plugins compatible for Editor in 2.60 ms, found 7 plugins.
Preloading 0 native plugins for Editor in 0.00 ms.
Unloading 64 Unused Serialized files (Serialized files now loaded: 0)
Unloading 64 unused Assets / (7.3 MB). Loaded Objects now: 8255.
Memory consumption went from 235.8 MB to 228.6 MB.
Total: 7.888900 ms (FindLiveObjects: 0.525100 ms CreateObjectMapping: 0.181400 ms MarkObjects: 5.316100 ms  DeleteObjects: 1.864800 ms)

Prepare: number of updated asset objects reloaded= 0
========================================================================
Received Prepare
Begin MonoManager ReloadAssembly
- Loaded All Assemblies, in  0.839 seconds
Refreshing native plugins compatible for Editor in 2.67 ms, found 7 plugins.
Native extension for iOS target not found
Native extension for Android target not found
Native extension for WindowsStandalone target not found
Native extension for WebGL target not found
Mono: successfully reloaded assembly
- Finished resetting the current domain, in  0.800 seconds
Domain Reload Profiling: 1640ms
	BeginReloadAssembly (220ms)
		ExecutionOrderSort (0ms)
		DisableScriptedObjects (8ms)
		BackupInstance (0ms)
		ReleaseScriptingObjects (0ms)
		CreateAndSetChildDomain (50ms)
	RebuildCommonClasses (43ms)
	RebuildNativeTypeToScriptingClass (21ms)
	initialDomainReloadingComplete (35ms)
	LoadAllAssembliesAndSetupDomain (521ms)
		LoadAssemblies (384ms)
		RebuildTransferFunctionScriptingTraits (0ms)
		AnalyzeDomain (238ms)
			TypeCache.Refresh (7ms)
				TypeCache.ScanAssembly (0ms)
			BuildScriptInfoCaches (208ms)
			ResolveRequiredComponents (18ms)
	FinalizeReload (800ms)
		ReleaseScriptCaches (0ms)
		RebuildScriptCaches (0ms)
		SetupLoadedEditorAssemblies (628ms)
			LogAssemblyErrors (0ms)
			InitializePlatformSupportModulesInManaged (25ms)
			SetLoadedEditorAssemblies (6ms)
			BeforeProcessingInitializeOnLoad (138ms)
			ProcessInitializeOnLoadAttributes (356ms)
			ProcessInitializeOnLoadMethodAttributes (99ms)
			AfterProcessingInitializeOnLoad (5ms)
			EditorAssembliesLoaded (0ms)
		ExecutionOrderSort2 (0ms)
		AwakeInstancesAfterBackupRestoration (16ms)
Shader 'MoreMountains/MMRipple': fallback shader 'Particle/AlphaBlended' not found
Refreshing native plugins compatible for Editor in 2.71 ms, found 7 plugins.
Preloading 0 native plugins for Editor in 0.00 ms.
Unloading 64 Unused Serialized files (Serialized files now loaded: 0)
Unloading 7498 unused Assets / (12.0 MB). Loaded Objects now: 8257.
Memory consumption went from 241.8 MB to 229.8 MB.
Total: 11.896400 ms (FindLiveObjects: 1.106100 ms CreateObjectMapping: 0.461500 ms MarkObjects: 5.270100 ms  DeleteObjects: 5.057300 ms)

Prepare: number of updated asset objects reloaded= 0
========================================================================
Received Prepare
Shader 'MoreMountains/MMRipple': fallback shader 'Particle/AlphaBlended' not found
Refreshing native plugins compatible for Editor in 2.60 ms, found 7 plugins.
Preloading 0 native plugins for Editor in 0.00 ms.
Unloading 64 Unused Serialized files (Serialized files now loaded: 0)
Unloading 64 unused Assets / (7.3 MB). Loaded Objects now: 8257.
Memory consumption went from 237.1 MB to 229.8 MB.
Total: 7.708300 ms (FindLiveObjects: 0.606600 ms CreateObjectMapping: 0.185500 ms MarkObjects: 5.145900 ms  DeleteObjects: 1.769300 ms)

Prepare: number of updated asset objects reloaded= 0
========================================================================
Received Prepare
Begin MonoManager ReloadAssembly
- Loaded All Assemblies, in  0.831 seconds
Refreshing native plugins compatible for Editor in 2.51 ms, found 7 plugins.
Native extension for iOS target not found
Native extension for Android target not found
Native extension for WindowsStandalone target not found
Native extension for WebGL target not found
Mono: successfully reloaded assembly
- Finished resetting the current domain, in  0.867 seconds
Domain Reload Profiling: 1700ms
	BeginReloadAssembly (222ms)
		ExecutionOrderSort (0ms)
		DisableScriptedObjects (6ms)
		BackupInstance (0ms)
		ReleaseScriptingObjects (0ms)
		CreateAndSetChildDomain (51ms)
	RebuildCommonClasses (44ms)
	RebuildNativeTypeToScriptingClass (15ms)
	initialDomainReloadingComplete (33ms)
	LoadAllAssembliesAndSetupDomain (519ms)
		LoadAssemblies (389ms)
		RebuildTransferFunctionScriptingTraits (0ms)
		AnalyzeDomain (234ms)
			TypeCache.Refresh (8ms)
				TypeCache.ScanAssembly (0ms)
			BuildScriptInfoCaches (203ms)
			ResolveRequiredComponents (18ms)
	FinalizeReload (868ms)
		ReleaseScriptCaches (0ms)
		RebuildScriptCaches (0ms)
		SetupLoadedEditorAssemblies (674ms)
			LogAssemblyErrors (0ms)
			InitializePlatformSupportModulesInManaged (24ms)
			SetLoadedEditorAssemblies (6ms)
			BeforeProcessingInitializeOnLoad (154ms)
			ProcessInitializeOnLoadAttributes (377ms)
			ProcessInitializeOnLoadMethodAttributes (108ms)
			AfterProcessingInitializeOnLoad (5ms)
			EditorAssembliesLoaded (0ms)
		ExecutionOrderSort2 (0ms)
		AwakeInstancesAfterBackupRestoration (16ms)
Shader 'MoreMountains/MMRipple': fallback shader 'Particle/AlphaBlended' not found
Refreshing native plugins compatible for Editor in 2.68 ms, found 7 plugins.
Preloading 0 native plugins for Editor in 0.00 ms.
Unloading 64 Unused Serialized files (Serialized files now loaded: 0)
Unloading 7498 unused Assets / (11.9 MB). Loaded Objects now: 8259.
Memory consumption went from 243.1 MB to 231.1 MB.
Total: 12.160800 ms (FindLiveObjects: 1.031600 ms CreateObjectMapping: 0.416900 ms MarkObjects: 5.326900 ms  DeleteObjects: 5.384000 ms)

Prepare: number of updated asset objects reloaded= 0
========================================================================
Received Prepare
Shader 'MoreMountains/MMRipple': fallback shader 'Particle/AlphaBlended' not found
Refreshing native plugins compatible for Editor in 2.71 ms, found 7 plugins.
Preloading 0 native plugins for Editor in 0.00 ms.
Unloading 64 Unused Serialized files (Serialized files now loaded: 0)
Unloading 64 unused Assets / (7.3 MB). Loaded Objects now: 8259.
Memory consumption went from 238.4 MB to 231.1 MB.
Total: 7.828000 ms (FindLiveObjects: 0.530900 ms CreateObjectMapping: 0.198600 ms MarkObjects: 5.354500 ms  DeleteObjects: 1.742600 ms)

Prepare: number of updated asset objects reloaded= 0
========================================================================
Received Prepare
Begin MonoManager ReloadAssembly
- Loaded All Assemblies, in  0.829 seconds
Refreshing native plugins compatible for Editor in 2.47 ms, found 7 plugins.
Native extension for iOS target not found
Native extension for Android target not found
Native extension for WindowsStandalone target not found
Native extension for WebGL target not found
Mono: successfully reloaded assembly
- Finished resetting the current domain, in  0.788 seconds
Domain Reload Profiling: 1619ms
	BeginReloadAssembly (229ms)
		ExecutionOrderSort (0ms)
		DisableScriptedObjects (6ms)
		BackupInstance (0ms)
		ReleaseScriptingObjects (0ms)
		CreateAndSetChildDomain (53ms)
	RebuildCommonClasses (43ms)
	RebuildNativeTypeToScriptingClass (16ms)
	initialDomainReloadingComplete (29ms)
	LoadAllAssembliesAndSetupDomain (514ms)
		LoadAssemblies (380ms)
		RebuildTransferFunctionScriptingTraits (0ms)
		AnalyzeDomain (235ms)
			TypeCache.Refresh (8ms)
				TypeCache.ScanAssembly (0ms)
			BuildScriptInfoCaches (202ms)
			ResolveRequiredComponents (19ms)
	FinalizeReload (789ms)
		ReleaseScriptCaches (0ms)
		RebuildScriptCaches (0ms)
		SetupLoadedEditorAssemblies (614ms)
			LogAssemblyErrors (0ms)
			InitializePlatformSupportModulesInManaged (24ms)
			SetLoadedEditorAssemblies (6ms)
			BeforeProcessingInitializeOnLoad (135ms)
			ProcessInitializeOnLoadAttributes (350ms)
			ProcessInitializeOnLoadMethodAttributes (94ms)
			AfterProcessingInitializeOnLoad (4ms)
			EditorAssembliesLoaded (0ms)
		ExecutionOrderSort2 (0ms)
		AwakeInstancesAfterBackupRestoration (17ms)
Shader 'MoreMountains/MMRipple': fallback shader 'Particle/AlphaBlended' not found
Refreshing native plugins compatible for Editor in 2.56 ms, found 7 plugins.
Preloading 0 native plugins for Editor in 0.00 ms.
Unloading 64 Unused Serialized files (Serialized files now loaded: 0)
Unloading 7498 unused Assets / (11.7 MB). Loaded Objects now: 8261.
Memory consumption went from 244.3 MB to 232.7 MB.
Total: 11.950700 ms (FindLiveObjects: 1.016200 ms CreateObjectMapping: 0.477000 ms MarkObjects: 5.502500 ms  DeleteObjects: 4.953700 ms)

Prepare: number of updated asset objects reloaded= 0
========================================================================
Received Prepare
Shader 'MoreMountains/MMRipple': fallback shader 'Particle/AlphaBlended' not found
Refreshing native plugins compatible for Editor in 3.83 ms, found 7 plugins.
Preloading 0 native plugins for Editor in 0.00 ms.
Unloading 64 Unused Serialized files (Serialized files now loaded: 0)
Unloading 64 unused Assets / (7.3 MB). Loaded Objects now: 8261.
Memory consumption went from 239.6 MB to 232.3 MB.
Total: 8.280400 ms (FindLiveObjects: 0.537400 ms CreateObjectMapping: 0.183500 ms MarkObjects: 5.671000 ms  DeleteObjects: 1.887000 ms)

Prepare: number of updated asset objects reloaded= 0
